2025-06-05T14:20:16.883 | INFO  | main_thread     | GlobalModule::onPreInit | log path: C:/Users/asus/AppData/Local/MuseScore/MuseScore4/logs/MuseScore_250605_142016.log
2025-06-05T14:20:16.883 | INFO  | main_thread     | GlobalModule::onPreInit | === Started MuseScore 4.3.1, build number 241490900 ===
2025-06-05T14:20:16.931 | INFO  | main_thread     | LanguagesService::effectiveLanguageCode | System language code: "en-US" 
2025-06-05T14:20:16.935 | INFO  | main_thread     | IpcSocket::connect | success connected to ipc server
2025-06-05T14:20:17.649 | INFO  | main_thread     | DiagnosticsModule::onInit | success start crash handler
2025-06-05T14:20:17.859 | INFO  | main_thread     | WasapiAudioDriver::open | WASAPI: trying to open the audio end-point with the following sample rate - 44100
2025-06-05T14:20:17.859 | INFO  | main_thread     | WasapiAudioDriver::open | WASAPI: trying to open the audio end-point with the following samples per channel number - 1024
2025-06-05T14:20:17.866 | INFO  | 14164           | WasapiAudioClient::configureDeviceInternal | WASAPI: Settings device client properties
2025-06-05T14:20:17.867 | INFO  | 14164           | WasapiAudioClient::configureDeviceInternal | WASAPI: Getting device mix format
2025-06-05T14:20:17.869 | INFO  | 14164           | WasapiAudioClient::configureDeviceInternal | WASAPI: Mix format after getting from audio client:
2025-06-05T14:20:17.869 | INFO  | 14164           | logWAVEFORMATEX | Format tag: 65534
2025-06-05T14:20:17.869 | INFO  | 14164           | logWAVEFORMATEX | Channels: 2
2025-06-05T14:20:17.869 | INFO  | 14164           | logWAVEFORMATEX | Sample rate: 48000
2025-06-05T14:20:17.869 | INFO  | 14164           | logWAVEFORMATEX | Average bytes per second: 384000
2025-06-05T14:20:17.869 | INFO  | 14164           | logWAVEFORMATEX | Block align: 8
2025-06-05T14:20:17.869 | INFO  | 14164           | logWAVEFORMATEX | Bits per sample: 32
2025-06-05T14:20:17.869 | INFO  | 14164           | logWAVEFORMATEX | cbSize: 22
2025-06-05T14:20:17.869 | INFO  | 14164           | WasapiAudioClient::configureDeviceInternal | WASAPI: Modified mix format:
2025-06-05T14:20:17.869 | INFO  | 14164           | logWAVEFORMATEX | Format tag: 3
2025-06-05T14:20:17.870 | INFO  | 14164           | logWAVEFORMATEX | Channels: 2
2025-06-05T14:20:17.870 | INFO  | 14164           | logWAVEFORMATEX | Sample rate: 48000
2025-06-05T14:20:17.870 | INFO  | 14164           | logWAVEFORMATEX | Average bytes per second: 384000
2025-06-05T14:20:17.870 | INFO  | 14164           | logWAVEFORMATEX | Block align: 8
2025-06-05T14:20:17.870 | INFO  | 14164           | logWAVEFORMATEX | Bits per sample: 32
2025-06-05T14:20:17.870 | INFO  | 14164           | logWAVEFORMATEX | cbSize: 0
2025-06-05T14:20:17.870 | INFO  | 14164           | WasapiAudioClient::configureDeviceInternal | WASAPI: Getting shared mode engine period
2025-06-05T14:20:17.894 | INFO  | 14164           | WasapiAudioClient::configureDeviceInternal | WASAPI: Device successfully configured
2025-06-05T14:20:17.937 | INFO  | 14164           | WasapiAudioClient::ActivateCompleted | Initialized WASAPI audio endpoint with: 
2025-06-05T14:20:17.937 | INFO  | 14164           | logWAVEFORMATEX | Format tag: 3
2025-06-05T14:20:17.937 | INFO  | 14164           | logWAVEFORMATEX | Channels: 2
2025-06-05T14:20:17.937 | INFO  | 14164           | logWAVEFORMATEX | Sample rate: 48000
2025-06-05T14:20:17.937 | INFO  | 14164           | logWAVEFORMATEX | Average bytes per second: 384000
2025-06-05T14:20:17.938 | INFO  | 14164           | logWAVEFORMATEX | Block align: 8
2025-06-05T14:20:17.938 | INFO  | 14164           | logWAVEFORMATEX | Bits per sample: 32
2025-06-05T14:20:17.938 | INFO  | 14164           | logWAVEFORMATEX | cbSize: 0
2025-06-05T14:20:17.938 | INFO  | 14164           | WasapiAudioClient::ActivateCompleted | HnsBufferDuration: 232200
2025-06-05T14:20:17.938 | INFO  | 14164           | WasapiAudioClient::ActivateCompleted | Minimal period in frames: 512
2025-06-05T14:20:17.938 | INFO  | 14164           | WasapiAudioClient::ActivateCompleted | Default period in frames: 512
2025-06-05T14:20:17.938 | INFO  | 14164           | WasapiAudioClient::ActivateCompleted | Fundamental period in frames: 512
2025-06-05T14:20:17.938 | INFO  | 14164           | WasapiAudioClient::ActivateCompleted | Max period in frames: 512
2025-06-05T14:20:17.938 | INFO  | 14164           | WasapiAudioClient::ActivateCompleted | Min period in frames: 512
2025-06-05T14:20:17.938 | ERROR | 14164           | WasapiAudioClient::setStateAndNotify | 
2025-06-05T14:20:17.938 | ERROR | 14164           | WasapiAudioClient::setStateAndNotify | 
2025-06-05T14:20:17.939 | ERROR | 6584            | WasapiAudioClient::setStateAndNotify | 
2025-06-05T14:20:17.940 | ERROR | main_thread     | MuseSamplerLibHandler::MuseSamplerLibHandler | Unable to open MuseSampler library, path: C:/Users/asus/AppData/Local\MuseSampler\lib\MuseSamplerCoreLib.dll
2025-06-05T14:20:17.940 | ERROR | main_thread     | MuseSamplerResolver::doInit | Incompatible MuseSampler library; ignoring
2025-06-05T14:20:17.943 | ERROR | main_thread     | MuseSamplerLibHandler::MuseSamplerLibHandler | Unable to open MuseSampler library, path: MuseSamplerCoreLib.dll
2025-06-05T14:20:17.943 | ERROR | main_thread     | MuseSamplerResolver::doInit | Incompatible MuseSampler library; ignoring
2025-06-05T14:20:17.946 | WARN  | main_thread     | Qt              | QIODevice::read (QFile, "C:\Users\asus\AppData\Local\MuseScore\MuseScore4\shortcuts.xml"): device not open
2025-06-05T14:20:17.947 | WARN  | main_thread     | Qt              | QIODevice::read (QFile, "C:\Users\asus\AppData\Local\MuseScore\MuseScore4\midi_mappings.xml"): device not open
2025-06-05T14:20:17.966 | WARN  | main_thread     | AbstractCloudService::readTokens | Could not find the tokens file: C:/Users/asus/AppData/Local/MuseScore/MuseScore4/musescorecom_cred.dat
2025-06-05T14:20:17.966 | WARN  | main_thread     | AbstractCloudService::readTokens | Could not find the tokens file: C:/Users/asus/AppData/Local/MuseScore/MuseScore4/audiocom_cred.dat
2025-06-05T14:20:18.434 | ERROR | main_thread     | PluginsConfiguration::updatePluginsConfiguration | [401] The file does not exist
2025-06-05T14:20:19.814 | ERROR | main_thread     | InteractiveProvider::topWindow | stack is empty
2025-06-05T14:20:20.061 | WARN  | main_thread     | Qt              | void __cdecl Layouting::ItemBoxContainer::setSize_recursive(class QSize,enum Layouting::ChildrenResizeStrategy) New size doesn't respect size constraints ; new= QSize(0, -32) ; min= QSize(0, 0) Layouting::ItemBoxContainer(0x117db500)
2025-06-05T14:20:20.061 | WARN  | main_thread     | Qt              | void __cdecl Layouting::ItemBoxContainer::setSize_recursive(class QSize,enum Layouting::ChildrenResizeStrategy) New size doesn't respect size constraints ; new= QSize(0, -32) ; min= QSize(0, 0) Layouting::ItemBoxContainer(0x117db500)
2025-06-05T14:20:20.064 | WARN  | main_thread     | Qt              | void __cdecl Layouting::ItemBoxContainer::setSize_recursive(class QSize,enum Layouting::ChildrenResizeStrategy) New size doesn't respect size constraints ; new= QSize(1150, -32) ; min= QSize(0, 0) Layouting::ItemBoxContainer(0x117db500)
2025-06-05T14:20:20.069 | ERROR | main_thread     | <lambda_50de235aca691b1a6fc9211a568e635a>::operator  | error: qrc:/qml/MuseScore/UiComponents/FlatButton.qml:179:5: QML Loader: Binding loop detected for property "itemImplicitWidth"

2025-06-05T14:20:20.070 | WARN  | main_thread     | Qt              | qrc:/qml/MuseScore/UiComponents/FlatButton.qml:179:5: QML Loader: Binding loop detected for property "itemImplicitWidth"
2025-06-05T14:20:20.071 | ERROR | main_thread     | <lambda_50de235aca691b1a6fc9211a568e635a>::operator  | error: qrc:/qml/MuseScore/UiComponents/FlatButton.qml:179:5: QML Loader: Binding loop detected for property "itemImplicitWidth"

2025-06-05T14:20:20.071 | WARN  | main_thread     | Qt              | qrc:/qml/MuseScore/UiComponents/FlatButton.qml:179:5: QML Loader: Binding loop detected for property "itemImplicitWidth"
2025-06-05T14:20:20.072 | ERROR | main_thread     | <lambda_50de235aca691b1a6fc9211a568e635a>::operator  | error: qrc:/qml/MuseScore/UiComponents/FlatButton.qml:179:5: QML Loader: Binding loop detected for property "itemImplicitWidth"

2025-06-05T14:20:20.073 | WARN  | main_thread     | Qt              | qrc:/qml/MuseScore/UiComponents/FlatButton.qml:179:5: QML Loader: Binding loop detected for property "itemImplicitWidth"
2025-06-05T14:20:20.074 | ERROR | main_thread     | <lambda_50de235aca691b1a6fc9211a568e635a>::operator  | error: qrc:/qml/MuseScore/UiComponents/FlatButton.qml:179:5: QML Loader: Binding loop detected for property "itemImplicitWidth"

2025-06-05T14:20:20.074 | WARN  | main_thread     | Qt              | qrc:/qml/MuseScore/UiComponents/FlatButton.qml:179:5: QML Loader: Binding loop detected for property "itemImplicitWidth"
2025-06-05T14:20:20.075 | ERROR | main_thread     | <lambda_50de235aca691b1a6fc9211a568e635a>::operator  | error: qrc:/qml/MuseScore/UiComponents/FlatButton.qml:179:5: QML Loader: Binding loop detected for property "itemImplicitWidth"

2025-06-05T14:20:20.075 | WARN  | main_thread     | Qt              | qrc:/qml/MuseScore/UiComponents/FlatButton.qml:179:5: QML Loader: Binding loop detected for property "itemImplicitWidth"
2025-06-05T14:20:20.077 | ERROR | main_thread     | <lambda_50de235aca691b1a6fc9211a568e635a>::operator  | error: qrc:/qml/MuseScore/UiComponents/FlatButton.qml:179:5: QML Loader: Binding loop detected for property "itemImplicitWidth"

2025-06-05T14:20:20.077 | WARN  | main_thread     | Qt              | qrc:/qml/MuseScore/UiComponents/FlatButton.qml:179:5: QML Loader: Binding loop detected for property "itemImplicitWidth"
2025-06-05T14:20:20.078 | ERROR | main_thread     | <lambda_50de235aca691b1a6fc9211a568e635a>::operator  | error: qrc:/qml/MuseScore/UiComponents/FlatButton.qml:179:5: QML Loader: Binding loop detected for property "itemImplicitWidth"

2025-06-05T14:20:20.078 | WARN  | main_thread     | Qt              | qrc:/qml/MuseScore/UiComponents/FlatButton.qml:179:5: QML Loader: Binding loop detected for property "itemImplicitWidth"
2025-06-05T14:20:20.079 | ERROR | main_thread     | <lambda_50de235aca691b1a6fc9211a568e635a>::operator  | error: qrc:/qml/MuseScore/UiComponents/FlatButton.qml:179:5: QML Loader: Binding loop detected for property "itemImplicitWidth"

2025-06-05T14:20:20.079 | WARN  | main_thread     | Qt              | qrc:/qml/MuseScore/UiComponents/FlatButton.qml:179:5: QML Loader: Binding loop detected for property "itemImplicitWidth"
2025-06-05T14:20:20.081 | ERROR | main_thread     | <lambda_50de235aca691b1a6fc9211a568e635a>::operator  | error: qrc:/qml/MuseScore/UiComponents/FlatButton.qml:179:5: QML Loader: Binding loop detected for property "itemImplicitWidth"

2025-06-05T14:20:20.081 | WARN  | main_thread     | Qt              | qrc:/qml/MuseScore/UiComponents/FlatButton.qml:179:5: QML Loader: Binding loop detected for property "itemImplicitWidth"
2025-06-05T14:20:21.720 | INFO  | main_thread     | ActionsDispatcher::dispatch | try call action: file-open
2025-06-05T14:20:21.720 | INFO  | main_thread     | ProjectActionsController::openProject | Try open project: url = "file:///C:/Users/asus/Documents/GitHub/AI-autosheet/output/F端r Elise - Very Easy Piano tutorial - Beginner (1)/F端r Elise - Very Easy Piano tutorial - Beginner (1).musicxml" , displayNameOverride = "" 
2025-06-05T14:20:22.638 | ERROR | 15448           | SynthResolver::resolveSynth | invalid audio source params for trackId: 0
2025-06-05T14:20:22.647 | ERROR | 15448           | <lambda_9ea47483211dd59abf6c2f56713e949f>::operator  | INFO chunk size mismatch
2025-06-05T14:20:22.650 | INFO  | main_thread     | MultiInstancesProvider::onMsg | "PROJECT_IS_OPENED" 
2025-06-05T14:20:22.713 | INFO  | 15448           | FluidSynth::addSoundFonts | success load soundfont: C:/Users/asus/Documents/GitHub/AI-autosheet/MuseScorePortable/App/MuseScore/sound/MS Basic.sf3
2025-06-05T14:20:22.784 | INFO  | 15448           | FluidSynth::addSoundFonts | success load soundfont: C:/Users/asus/Documents/GitHub/AI-autosheet/MuseScorePortable/App/MuseScore/sound/MS Basic.sf3
2025-06-05T14:20:27.450 | ERROR | 15448           | SynthResolver::resolveSynth | invalid audio source params for trackId: 1
2025-06-05T14:20:27.513 | INFO  | 15448           | FluidSynth::addSoundFonts | success load soundfont: C:/Users/asus/Documents/GitHub/AI-autosheet/MuseScorePortable/App/MuseScore/sound/MS Basic.sf3
2025-06-05T14:20:27.573 | INFO  | 15448           | FluidSynth::addSoundFonts | success load soundfont: C:/Users/asus/Documents/GitHub/AI-autosheet/MuseScorePortable/App/MuseScore/sound/MS Basic.sf3
2025-06-05T14:25:18.468 | INFO  | main_thread     | NotationProject::doSave | success save file: "C:/Users/asus/AppData/Local/MuseScore/MuseScore4/new_project.mscz" 
2025-06-05T14:33:16.898 | INFO  | main_thread     | Profiler        | 

Main thread. Top 150 by sum time (total count: 167)
Function                                                    Call time         Call count        Sum time          
PluginsService::init                                        1326.474 ms       1                 1326.474 ms       
PluginsService::readPlugins                                 1319.273 ms       1                 1319.273 ms       
StartupScenario::onStartupPageOpened                        853.599 ms        1                 853.599 ms        
DockWindow::loadPage                                        166.358 ms        2                 332.716 ms        
ProjectActionsController::doOpenProject                     284.338 ms        1                 284.338 ms        
ProjectActionsController::loadProject                       210.147 ms        1                 210.147 ms        
NotationProject::load                                       209.933 ms        1                 209.933 ms        
StartupScenario::run                                        209.814 ms        1                 209.814 ms        
NotationProject::doImport                                   209.494 ms        1                 209.494 ms        
DockWindow::loadPageContent                                 95.912 ms         2                 191.825 ms        
DockWindow::addDock                                         5.427 ms          32                173.655 ms        
SoundFontRepository::loadSoundFonts                         169.055 ms        1                 169.055 ms        
AbstractNotationPaintView::paint                            6.072 ms          17                103.226 ms        
DockWindow::loadPanels                                      48.534 ms         2                 97.068 ms         
NotationPainting::doPaint                                   6.048 ms          16                96.770 ms         
Paint::paintScore                                           6.032 ms          16                96.511 ms         
Paint::paintItems                                           5.369 ms          16                85.900 ms         
Paint::paintItem                                            0.021 ms          3995              84.621 ms         
AbstractMenuModel::setItems                                 2.778 ms          26                72.228 ms         
UiActionsRegister::updateEnabledAll                         5.651 ms          12                67.808 ms         
InstrumentsRepository::load                                 66.778 ms         1                 66.778 ms         
DockWindow::restoreLayout                                   21.479 ms         3                 64.437 ms         
DockWindow::restorePageState                                31.984 ms         2                 63.967 ms         
DockWindow::loadToolBars                                    30.064 ms         2                 60.128 ms         
ProjectAutoSaver::onTrySave                                 18.804 ms         2                 37.609 ms         
NotationProject::save                                       37.438 ms         1                 37.438 ms         
NotationProject::doSave                                     37.407 ms         1                 37.407 ms         
RecentFilesController::prependRecentFile                    30.164 ms         1                 30.164 ms         
NotationProject::writeProject                               22.582 ms         1                 22.582 ms         
DockBase::componentComplete                                 0.321 ms          57                18.316 ms         
EngravingProject::writeMscz                                 18.139 ms         1                 18.139 ms         
MscSaver::writeMscz                                         18.128 ms         1                 18.128 ms         
dock::clearRegistry                                         5.798 ms          3                 17.395 ms         
DockWindow::loadTopLevelToolBars                            8.345 ms          2                 16.689 ms         
AppMenuModel::load                                          16.093 ms         1                 16.093 ms         
DockBase::applySizeConstraints                              0.126 ms          95                11.998 ms         
AbstractNotationPaintView::wheelEvent                       0.733 ms          15                10.996 ms         
AbstractNotationPaintView::moveCanvas                       0.728 ms          15                10.917 ms         
EngravingProject::doSetupMasterScore                        10.313 ms         1                 10.313 ms         
Score::update                                               10.222 ms         1                 10.222 ms         
Score::doLayoutRange                                        10.196 ms         1                 10.196 ms         
ScoreLayout::layoutRange                                    10.167 ms         1                 10.167 ms         
ScorePageViewLayout::layoutPageView                         10.162 ms         1                 10.162 ms         
SystemLayout::collectSystem                                 1.631 ms          6                 9.786 ms          
PageLayout::collectPage                                     9.611 ms          1                 9.611 ms          
PluginsService::scanFileSystemForPlugins                    7.845 ms          1                 7.845 ms          
PluginsService::registerShortcuts                           7.037 ms          1                 7.037 ms          
Writer::writeScore                                          5.505 ms          1                 5.505 ms          
AbstractNotationPaintView::paintBackground                  0.322 ms          17                5.476 ms          
Writer::write                                               5.445 ms          1                 5.445 ms          
DockWindow::savePageState                                   2.630 ms          2                 5.261 ms          
NotationPainting::paintPageSheet                            0.322 ms          16                5.146 ms          
MasterNotation::setMasterScore                              4.780 ms          1                 4.780 ms          
MasterNotation::initAfterSettingScore                       4.760 ms          1                 4.760 ms          
PlaybackModel::load                                         4.677 ms          1                 4.677 ms          
DockWindow::onQuit                                          4.657 ms          1                 4.657 ms          
PlaybackModel::updateEvents                                 4.545 ms          1                 4.545 ms          
LanguagesService::init                                      4.519 ms          1                 4.519 ms          
AbstractNotationPaintView::onCurrentNotationChanged         1.398 ms          3                 4.194 ms          
NotationSwitchListModel::loadNotations                      1.387 ms          3                 4.162 ms          
DockWindow::windowState                                     1.305 ms          3                 3.914 ms          
ShortcutsRegister::reload                                   3.648 ms          1                 3.648 ms          
MeasureLayout::getNextMeasure                               0.128 ms          28                3.575 ms          
LanguagesService::setCurrentLanguage                        3.556 ms          1                 3.556 ms          
NavigationControl::setPanel                                 0.006 ms          573               3.498 ms          
DockWindow::initDocks                                       1.661 ms          2                 3.323 ms          
UiActionsRegister::updateEnabled                            0.524 ms          6                 3.145 ms          
ShortcutsRegister::readFromFile                             1.499 ms          2                 2.997 ms          
NotationActionController::canReceiveAction                  0.002 ms          1835              2.775 ms          
NavigationController::onActiveRequested                     0.384 ms          7                 2.686 ms          
InstrumentsPanelTreeModel::clear                            1.133 ms          2                 2.266 ms          
RecentFilesController::recentFilesList                      0.735 ms          3                 2.205 ms          
RegisterAudioPluginsScenario::registerNewPlugins            2.083 ms          1                 2.083 ms          
VstPluginsScanner::scanPlugins                              2.075 ms          1                 2.075 ms          
AbstractNotationPaintView::forceFocusIn                     0.977 ms          2                 1.955 ms          
DockPageView::init                                          0.977 ms          2                 1.955 ms          
UiContextResolver::currentUiContext                         0.002 ms          1006              1.630 ms          
InstrumentsRepository::loadStringTuningsPresets             1.293 ms          1                 1.293 ms          
UiActionsRegister::updateShortcutsAll                       0.556 ms          2                 1.112 ms          
ChordLayout::layoutChords1                                  0.012 ms          89                1.100 ms          
SymNames::loadNameToSymIdHash                               0.974 ms          1                 0.974 ms          
AbstractNotationPaintView::setScaling                       0.938 ms          1                 0.938 ms          
AbstractNotationPaintView::scale                            0.934 ms          1                 0.934 ms          
RecentFilesController::saveRecentFilesList                  0.860 ms          1                 0.860 ms          
NotationStatusBarModel::load                                0.360 ms          2                 0.720 ms          
DockWindow::restoreGeometry                                 0.718 ms          1                 0.718 ms          
NavigationController::activeSection                         0.000 ms          1849              0.704 ms          
UiActionsRegister::updateChecked                            0.074 ms          9                 0.670 ms          
AbstractCloudService::init                                  0.322 ms          2                 0.644 ms          
NotationActionController::init                              0.643 ms          1                 0.643 ms          
NavigationPanel::addControl                                 0.001 ms          568               0.641 ms          
DockWindow::saveGeometry                                    0.598 ms          1                 0.598 ms          
ProjectAutoSaver::update                                    0.179 ms          3                 0.538 ms          
DockPanelMenuModel::load                                    0.037 ms          14                0.513 ms          
NavigationController::activePanel                           0.000 ms          1001              0.483 ms          
LanguagesService::loadLanguages                             0.472 ms          1                 0.472 ms          
AbstractNotationPaintView::constraintCanvas                 0.027 ms          16                0.427 ms          
AbstractCloudService::readTokens                            0.211 ms          2                 0.422 ms          
AbstractNotationPaintView::scrollableAreaRect               0.026 ms          16                0.410 ms          
NotationProject::setupProject                               0.409 ms          1                 0.409 ms          
NavigationController::doDeactivateSection                   0.136 ms          3                 0.407 ms          
DockWindow::componentComplete                               0.406 ms          1                 0.406 ms          
NavigationController::doDeactivatePanel                     0.035 ms          11                0.387 ms          
ShortcutsRegister::makeUnique                               0.334 ms          1                 0.334 ms          
NavigationController::doDeactivateControl                   0.008 ms          37                0.306 ms          
InstrumentsPanelContextMenuModel::loadItems                 0.297 ms          1                 0.297 ms          
InstrumentsPanelTreeModel::load                             0.295 ms          1                 0.295 ms          
AbstractNotationPaintView::notationContentRect              0.002 ms          168               0.285 ms          
NoteInputBarModel::data                                     0.001 ms          395               0.275 ms          
NavigationPanel::setSection_property                        0.002 ms          130               0.273 ms          
AbstractNotationPaintView::load                             0.221 ms          1                 0.221 ms          
UiActionsRegister::updateCheckedAll                         0.192 ms          1                 0.192 ms          
AbstractNotationPaintView::onViewSizeChanged                0.058 ms          3                 0.174 ms          
DockPageView::doReorderSections                             0.170 ms          1                 0.170 ms          
ShortcutsRegister::expandStandardKeys                       0.077 ms          2                 0.154 ms          
UiConfiguration::readThemes                                 0.136 ms          1                 0.136 ms          
PlaybackController::updateMuteStates                        0.023 ms          5                 0.115 ms          
PluginsConfiguration::readPluginsConfiguration              0.107 ms          1                 0.107 ms          
RegisterAudioPluginsScenario::init                          0.107 ms          1                 0.107 ms          
EngravingProject::checkCorrupted                            0.051 ms          2                 0.102 ms          
NavigationController::reg                                   0.003 ms          29                0.099 ms          
KnownAudioPluginsRegister::load                             0.098 ms          1                 0.098 ms          
Score::sanityCheckLocal                                     0.047 ms          2                 0.094 ms          
DockWindow::registerDock                                    0.003 ms          34                0.092 ms          
SystemLayout::layout2                                       0.017 ms          5                 0.083 ms          
InstrumentsPanelTreeModel::loadMasterPart                   0.073 ms          1                 0.073 ms          
NotationPageModel::init                                     0.069 ms          1                 0.069 ms          
MasterNotation::initExcerptNotations                        0.059 ms          1                 0.059 ms          
NavigationController::activeControl                         0.015 ms          4                 0.058 ms          
MasterNotation::doSetExcerpts                               0.057 ms          1                 0.057 ms          
NavigationSection::addPanel                                 0.001 ms          54                0.056 ms          
AbstractNotationPaintView::horizontalScrollbarSize          0.003 ms          19                0.055 ms          
ShortcutsRegister::mergeShortcuts                           0.055 ms          1                 0.055 ms          
MasterNotation::updatePotentialExcerpts                     0.052 ms          1                 0.052 ms          
DockPageView::deinit                                        0.048 ms          1                 0.048 ms          
AbstractNotationPaintView::startVerticalScrollPosition      0.001 ms          38                0.042 ms          
NavigationPanel::removeControl                              0.001 ms          38                0.041 ms          
AbstractNotationPaintView::verticalScrollbarSize            0.002 ms          19                0.040 ms          
AbstractNotationPaintView::ensureViewportInsideScrollableArea0.037 ms          1                 0.037 ms          
NotationSwitchListModel::load                               0.033 ms          1                 0.033 ms          
AbstractNotationPaintView::startHorizontalScrollPosition    0.001 ms          38                0.029 ms          
InspectorListModel::setElementList                          0.005 ms          5                 0.027 ms          
AbstractNotationPaintView::onNotationSetup                  0.027 ms          1                 0.027 ms          
PageLayout::layoutPage                                      0.023 ms          1                 0.023 ms          
AbstractNotationPaintView::updateLoopMarkers                0.020 ms          1                 0.020 ms          
Score::setUpTempoMap                                        0.020 ms          1                 0.020 ms          
NotationPageModel::updateDrumsetPanelVisibility             0.017 ms          1                 0.017 ms          
SlurSegment::avoidCollisions                                0.002 ms          7                 0.015 ms          
NavigationSection::removePanel                              0.001 ms          13                0.015 ms          
AbstractNotationPaintView::horizontalScrollableSize         0.001 ms          19                0.012 ms          


Other threads. Top 150 by sum time (total count: 5)
Function                                                    Call time         Call count        Sum time          
LearnService::th_requestPlaylist                            1458.455 ms       1                 1458.455 ms       
LearnService::th_requestPlaylist                            1443.624 ms       1                 1443.624 ms       
SynthResolver::resolveSynth                                 34.488 ms         4                 137.953 ms        
SynthResolver::resolveAvailableResources                    0.957 ms          1                 0.957 ms          
FxResolver::resolveFxList                                   0.308 ms          3                 0.923 ms          



2025-06-05T14:33:16.898 | INFO  | main_thread     | App::run        | activeThreadCount: 0
2025-06-05T14:33:17.043 | ERROR | main_thread     | <lambda_aab0dc5b97269624451b5287993d6e48>::operator  | Could not load thumbnail for "C:/Users/asus/Documents/GitHub/AI-autosheet/output/F端r Elise - Very Easy Piano tutorial - Beginner (1)/F端r Elise - Very Easy Piano tutorial - Beginner (1).musicxml" : [21] [21] 
2025-06-05T14:33:17.043 | ERROR | main_thread     | <lambda_aab0dc5b97269624451b5287993d6e48>::operator  | Could not load thumbnail for "C:/Users/asus/Documents/GitHub/AI-autosheet/output/Cicak - Cicak Di Dinding Pianika NotAngka/Cicak - Cicak Di Dinding Pianika NotAngka.musicxml" : [21] [21] 
2025-06-05T14:33:17.043 | ERROR | main_thread     | <lambda_aab0dc5b97269624451b5287993d6e48>::operator  | Could not load thumbnail for "C:/Users/asus/Documents/GitHub/AI-autosheet/output/Cicak - Cicak Di Dinding Pianika NotAngka/Cicak - Cicak Di Dinding Pianika NotAngka.mid" : [21] [21] 
2025-06-05T14:33:17.043 | ERROR | main_thread     | WasapiAudioClient::setStateAndNotify | 
2025-06-05T14:33:17.044 | ERROR | 6584            | WasapiAudioClient::setStateAndNotify | 
2025-06-05T14:33:17.049 | WARN  | main_thread     | WinMidiInPort::stop | already stoped
2025-06-05T14:33:17.141 | INFO  | main_thread     | main            | Goodbye!! code: 0
