2025-06-04T11:21:11.161 | INFO  | main_thread     | GlobalModule::onPreInit | log path: C:/Users/asus/AppData/Local/MuseScore/MuseScore4/logs/MuseScore_250604_112111.log
2025-06-04T11:21:11.162 | INFO  | main_thread     | GlobalModule::onPreInit | === Started MuseScore 4.3.1, build number 241490900 ===
2025-06-04T11:21:11.207 | INFO  | main_thread     | LanguagesService::effectiveLanguageCode | System language code: "en-US" 
2025-06-04T11:21:11.211 | INFO  | main_thread     | IpcSocket::connect | success connected to ipc server
2025-06-04T11:21:11.892 | INFO  | main_thread     | DiagnosticsModule::onInit | success start crash handler
2025-06-04T11:21:12.094 | INFO  | main_thread     | WasapiAudioDriver::open | WASAPI: trying to open the audio end-point with the following sample rate - 44100
2025-06-04T11:21:12.094 | INFO  | main_thread     | WasapiAudioDriver::open | WASAPI: trying to open the audio end-point with the following samples per channel number - 1024
2025-06-04T11:21:12.101 | INFO  | 4560            | WasapiAudioClient::configureDeviceInternal | WASAPI: Settings device client properties
2025-06-04T11:21:12.102 | INFO  | 4560            | WasapiAudioClient::configureDeviceInternal | WASAPI: Getting device mix format
2025-06-04T11:21:12.105 | INFO  | 4560            | WasapiAudioClient::configureDeviceInternal | WASAPI: Mix format after getting from audio client:
2025-06-04T11:21:12.105 | INFO  | 4560            | logWAVEFORMATEX | Format tag: 65534
2025-06-04T11:21:12.105 | INFO  | 4560            | logWAVEFORMATEX | Channels: 2
2025-06-04T11:21:12.105 | INFO  | 4560            | logWAVEFORMATEX | Sample rate: 48000
2025-06-04T11:21:12.105 | INFO  | 4560            | logWAVEFORMATEX | Average bytes per second: 384000
2025-06-04T11:21:12.105 | INFO  | 4560            | logWAVEFORMATEX | Block align: 8
2025-06-04T11:21:12.105 | INFO  | 4560            | logWAVEFORMATEX | Bits per sample: 32
2025-06-04T11:21:12.105 | INFO  | 4560            | logWAVEFORMATEX | cbSize: 22
2025-06-04T11:21:12.105 | INFO  | 4560            | WasapiAudioClient::configureDeviceInternal | WASAPI: Modified mix format:
2025-06-04T11:21:12.105 | INFO  | 4560            | logWAVEFORMATEX | Format tag: 3
2025-06-04T11:21:12.105 | INFO  | 4560            | logWAVEFORMATEX | Channels: 2
2025-06-04T11:21:12.105 | INFO  | 4560            | logWAVEFORMATEX | Sample rate: 48000
2025-06-04T11:21:12.105 | INFO  | 4560            | logWAVEFORMATEX | Average bytes per second: 384000
2025-06-04T11:21:12.105 | INFO  | 4560            | logWAVEFORMATEX | Block align: 8
2025-06-04T11:21:12.105 | INFO  | 4560            | logWAVEFORMATEX | Bits per sample: 32
2025-06-04T11:21:12.105 | INFO  | 4560            | logWAVEFORMATEX | cbSize: 0
2025-06-04T11:21:12.105 | INFO  | 4560            | WasapiAudioClient::configureDeviceInternal | WASAPI: Getting shared mode engine period
2025-06-04T11:21:12.129 | INFO  | 4560            | WasapiAudioClient::configureDeviceInternal | WASAPI: Device successfully configured
2025-06-04T11:21:12.171 | INFO  | 4560            | WasapiAudioClient::ActivateCompleted | Initialized WASAPI audio endpoint with: 
2025-06-04T11:21:12.171 | INFO  | 4560            | logWAVEFORMATEX | Format tag: 3
2025-06-04T11:21:12.171 | INFO  | 4560            | logWAVEFORMATEX | Channels: 2
2025-06-04T11:21:12.171 | INFO  | 4560            | logWAVEFORMATEX | Sample rate: 48000
2025-06-04T11:21:12.171 | INFO  | 4560            | logWAVEFORMATEX | Average bytes per second: 384000
2025-06-04T11:21:12.171 | INFO  | 4560            | logWAVEFORMATEX | Block align: 8
2025-06-04T11:21:12.171 | INFO  | 4560            | logWAVEFORMATEX | Bits per sample: 32
2025-06-04T11:21:12.171 | INFO  | 4560            | logWAVEFORMATEX | cbSize: 0
2025-06-04T11:21:12.171 | INFO  | 4560            | WasapiAudioClient::ActivateCompleted | HnsBufferDuration: 232200
2025-06-04T11:21:12.171 | INFO  | 4560            | WasapiAudioClient::ActivateCompleted | Minimal period in frames: 512
2025-06-04T11:21:12.171 | INFO  | 4560            | WasapiAudioClient::ActivateCompleted | Default period in frames: 512
2025-06-04T11:21:12.171 | INFO  | 4560            | WasapiAudioClient::ActivateCompleted | Fundamental period in frames: 512
2025-06-04T11:21:12.171 | INFO  | 4560            | WasapiAudioClient::ActivateCompleted | Max period in frames: 512
2025-06-04T11:21:12.171 | INFO  | 4560            | WasapiAudioClient::ActivateCompleted | Min period in frames: 512
2025-06-04T11:21:12.172 | ERROR | 4560            | WasapiAudioClient::setStateAndNotify | 
2025-06-04T11:21:12.172 | ERROR | 4560            | WasapiAudioClient::setStateAndNotify | 
2025-06-04T11:21:12.173 | ERROR | 2168            | WasapiAudioClient::setStateAndNotify | 
2025-06-04T11:21:12.174 | ERROR | main_thread     | MuseSamplerLibHandler::MuseSamplerLibHandler | Unable to open MuseSampler library, path: C:/Users/asus/AppData/Local\MuseSampler\lib\MuseSamplerCoreLib.dll
2025-06-04T11:21:12.174 | ERROR | main_thread     | MuseSamplerResolver::doInit | Incompatible MuseSampler library; ignoring
2025-06-04T11:21:12.176 | ERROR | main_thread     | MuseSamplerLibHandler::MuseSamplerLibHandler | Unable to open MuseSampler library, path: MuseSamplerCoreLib.dll
2025-06-04T11:21:12.177 | ERROR | main_thread     | MuseSamplerResolver::doInit | Incompatible MuseSampler library; ignoring
2025-06-04T11:21:12.179 | WARN  | main_thread     | Qt              | QIODevice::read (QFile, "C:\Users\asus\AppData\Local\MuseScore\MuseScore4\shortcuts.xml"): device not open
2025-06-04T11:21:12.179 | WARN  | main_thread     | Qt              | QIODevice::read (QFile, "C:\Users\asus\AppData\Local\MuseScore\MuseScore4\midi_mappings.xml"): device not open
2025-06-04T11:21:12.194 | WARN  | main_thread     | AbstractCloudService::readTokens | Could not find the tokens file: C:/Users/asus/AppData/Local/MuseScore/MuseScore4/musescorecom_cred.dat
2025-06-04T11:21:12.194 | WARN  | main_thread     | AbstractCloudService::readTokens | Could not find the tokens file: C:/Users/asus/AppData/Local/MuseScore/MuseScore4/audiocom_cred.dat
2025-06-04T11:21:12.668 | ERROR | main_thread     | PluginsConfiguration::updatePluginsConfiguration | [401] The file does not exist
2025-06-04T11:21:14.037 | ERROR | main_thread     | InteractiveProvider::topWindow | stack is empty
2025-06-04T11:21:14.282 | WARN  | main_thread     | Qt              | void __cdecl Layouting::ItemBoxContainer::setSize_recursive(class QSize,enum Layouting::ChildrenResizeStrategy) New size doesn't respect size constraints ; new= QSize(0, -32) ; min= QSize(0, 0) Layouting::ItemBoxContainer(0x11f93850)
2025-06-04T11:21:14.282 | WARN  | main_thread     | Qt              | void __cdecl Layouting::ItemBoxContainer::setSize_recursive(class QSize,enum Layouting::ChildrenResizeStrategy) New size doesn't respect size constraints ; new= QSize(0, -32) ; min= QSize(0, 0) Layouting::ItemBoxContainer(0x11f93850)
2025-06-04T11:21:14.284 | WARN  | main_thread     | Qt              | void __cdecl Layouting::ItemBoxContainer::setSize_recursive(class QSize,enum Layouting::ChildrenResizeStrategy) New size doesn't respect size constraints ; new= QSize(1150, -32) ; min= QSize(0, 0) Layouting::ItemBoxContainer(0x11f93850)
2025-06-04T11:21:14.290 | ERROR | main_thread     | <lambda_50de235aca691b1a6fc9211a568e635a>::operator  | error: qrc:/qml/MuseScore/UiComponents/FlatButton.qml:179:5: QML Loader: Binding loop detected for property "itemImplicitWidth"

2025-06-04T11:21:14.290 | WARN  | main_thread     | Qt              | qrc:/qml/MuseScore/UiComponents/FlatButton.qml:179:5: QML Loader: Binding loop detected for property "itemImplicitWidth"
2025-06-04T11:21:14.292 | ERROR | main_thread     | <lambda_50de235aca691b1a6fc9211a568e635a>::operator  | error: qrc:/qml/MuseScore/UiComponents/FlatButton.qml:179:5: QML Loader: Binding loop detected for property "itemImplicitWidth"

2025-06-04T11:21:14.292 | WARN  | main_thread     | Qt              | qrc:/qml/MuseScore/UiComponents/FlatButton.qml:179:5: QML Loader: Binding loop detected for property "itemImplicitWidth"
2025-06-04T11:21:14.293 | ERROR | main_thread     | <lambda_50de235aca691b1a6fc9211a568e635a>::operator  | error: qrc:/qml/MuseScore/UiComponents/FlatButton.qml:179:5: QML Loader: Binding loop detected for property "itemImplicitWidth"

2025-06-04T11:21:14.293 | WARN  | main_thread     | Qt              | qrc:/qml/MuseScore/UiComponents/FlatButton.qml:179:5: QML Loader: Binding loop detected for property "itemImplicitWidth"
2025-06-04T11:21:14.295 | ERROR | main_thread     | <lambda_50de235aca691b1a6fc9211a568e635a>::operator  | error: qrc:/qml/MuseScore/UiComponents/FlatButton.qml:179:5: QML Loader: Binding loop detected for property "itemImplicitWidth"

2025-06-04T11:21:14.295 | WARN  | main_thread     | Qt              | qrc:/qml/MuseScore/UiComponents/FlatButton.qml:179:5: QML Loader: Binding loop detected for property "itemImplicitWidth"
2025-06-04T11:21:14.296 | ERROR | main_thread     | <lambda_50de235aca691b1a6fc9211a568e635a>::operator  | error: qrc:/qml/MuseScore/UiComponents/FlatButton.qml:179:5: QML Loader: Binding loop detected for property "itemImplicitWidth"

2025-06-04T11:21:14.296 | WARN  | main_thread     | Qt              | qrc:/qml/MuseScore/UiComponents/FlatButton.qml:179:5: QML Loader: Binding loop detected for property "itemImplicitWidth"
2025-06-04T11:21:14.297 | ERROR | main_thread     | <lambda_50de235aca691b1a6fc9211a568e635a>::operator  | error: qrc:/qml/MuseScore/UiComponents/FlatButton.qml:179:5: QML Loader: Binding loop detected for property "itemImplicitWidth"

2025-06-04T11:21:14.297 | WARN  | main_thread     | Qt              | qrc:/qml/MuseScore/UiComponents/FlatButton.qml:179:5: QML Loader: Binding loop detected for property "itemImplicitWidth"
2025-06-04T11:21:14.298 | ERROR | main_thread     | <lambda_50de235aca691b1a6fc9211a568e635a>::operator  | error: qrc:/qml/MuseScore/UiComponents/FlatButton.qml:179:5: QML Loader: Binding loop detected for property "itemImplicitWidth"

2025-06-04T11:21:14.298 | WARN  | main_thread     | Qt              | qrc:/qml/MuseScore/UiComponents/FlatButton.qml:179:5: QML Loader: Binding loop detected for property "itemImplicitWidth"
2025-06-04T11:21:14.299 | ERROR | main_thread     | <lambda_50de235aca691b1a6fc9211a568e635a>::operator  | error: qrc:/qml/MuseScore/UiComponents/FlatButton.qml:179:5: QML Loader: Binding loop detected for property "itemImplicitWidth"

2025-06-04T11:21:14.300 | WARN  | main_thread     | Qt              | qrc:/qml/MuseScore/UiComponents/FlatButton.qml:179:5: QML Loader: Binding loop detected for property "itemImplicitWidth"
2025-06-04T11:21:14.301 | ERROR | main_thread     | <lambda_50de235aca691b1a6fc9211a568e635a>::operator  | error: qrc:/qml/MuseScore/UiComponents/FlatButton.qml:179:5: QML Loader: Binding loop detected for property "itemImplicitWidth"

2025-06-04T11:21:14.301 | WARN  | main_thread     | Qt              | qrc:/qml/MuseScore/UiComponents/FlatButton.qml:179:5: QML Loader: Binding loop detected for property "itemImplicitWidth"
2025-06-04T11:21:15.953 | INFO  | main_thread     | ActionsDispatcher::dispatch | try call action: file-open
2025-06-04T11:21:15.953 | INFO  | main_thread     | ProjectActionsController::openProject | Try open project: url = "file:///C:/Users/asus/Documents/GitHub/AI-autosheet/output/Für Elise - Very Easy Piano tutorial - Beginner (1)/Für Elise - Very Easy Piano tutorial - Beginner (1).mid" , displayNameOverride = "" 
2025-06-04T11:21:16.720 | ERROR | 28576           | SynthResolver::resolveSynth | invalid audio source params for trackId: 0
2025-06-04T11:21:16.732 | INFO  | main_thread     | MultiInstancesProvider::onMsg | "PROJECT_IS_OPENED" 
2025-06-04T11:21:16.732 | ERROR | 28576           | <lambda_9ea47483211dd59abf6c2f56713e949f>::operator  | INFO chunk size mismatch
2025-06-04T11:21:16.804 | INFO  | 28576           | FluidSynth::addSoundFonts | success load soundfont: C:/Users/asus/Documents/GitHub/AI-autosheet/MuseScorePortable/App/MuseScore/sound/MS Basic.sf3
2025-06-04T11:21:16.873 | INFO  | 28576           | FluidSynth::addSoundFonts | success load soundfont: C:/Users/asus/Documents/GitHub/AI-autosheet/MuseScorePortable/App/MuseScore/sound/MS Basic.sf3
2025-06-04T11:21:21.438 | ERROR | 28576           | SynthResolver::resolveSynth | invalid audio source params for trackId: 1
2025-06-04T11:21:21.495 | INFO  | 28576           | FluidSynth::addSoundFonts | success load soundfont: C:/Users/asus/Documents/GitHub/AI-autosheet/MuseScorePortable/App/MuseScore/sound/MS Basic.sf3
2025-06-04T11:21:21.555 | INFO  | 28576           | FluidSynth::addSoundFonts | success load soundfont: C:/Users/asus/Documents/GitHub/AI-autosheet/MuseScorePortable/App/MuseScore/sound/MS Basic.sf3
2025-06-04T11:21:36.096 | WARN  | main_thread     | Qt              | QQmlComponent: Created graphical object was not placed in the graphics scene.
2025-06-04T11:21:36.589 | WARN  | main_thread     | Qt              | QQmlComponent: Created graphical object was not placed in the graphics scene.
2025-06-04T11:21:36.889 | WARN  | main_thread     | Qt              | QQmlComponent: Created graphical object was not placed in the graphics scene.
2025-06-04T11:21:40.054 | INFO  | main_thread     | ActionsDispatcher::dispatch | try call action: file-open
2025-06-04T11:21:40.054 | INFO  | main_thread     | ProjectActionsController::openProject | Try open project: url = "" , displayNameOverride = "" 
2025-06-04T11:21:42.576 | INFO  | main_thread     | MultiInstancesProvider::onMsg | "PROJECT_IS_OPENED" 
2025-06-04T11:21:42.585 | INFO  | main_thread     | MultiInstancesProvider::openNewAppInstance | success start: "C:/Users/asus/Documents/GitHub/AI-autosheet/MuseScorePortable/App/MuseScore/bin/MuseScore4.exe" , args: QVariant(QStringList, ("C:/Users/asus/Documents/GitHub/AI-autosheet/output/Für Elise - Very Easy Piano tutorial - Beginner (1)/Für Elise - Very Easy Piano tutorial - Beginner (1).musicxml")) 
2025-06-04T11:21:42.791 | INFO  | main_thread     | <lambda_808a34d9e2e8f727fa45730425265466>::operator  | created new instance with ID: "b3b53b0a23c94a639548b9a4c08c481e" 
2025-06-04T11:21:47.414 | INFO  | main_thread     | MultiInstancesProvider::onMsg | "PROJECT_IS_OPENED" 
2025-06-04T11:21:48.195 | INFO  | main_thread     | MultiInstancesProvider::onMsg | "RESOURCE_CHANGED" 
2025-06-04T11:21:48.225 | INFO  | main_thread     | MultiInstancesProvider::onMsg | "RESOURCE_CHANGED" 
2025-06-04T11:22:06.183 | WARN  | main_thread     | Qt              | Retrying to obtain clipboard.
2025-06-04T11:22:06.243 | WARN  | main_thread     | Qt              | Retrying to obtain clipboard.
2025-06-04T11:22:06.305 | WARN  | main_thread     | Qt              | Unable to obtain clipboard.
2025-06-04T11:22:06.368 | WARN  | main_thread     | Qt              | Retrying to obtain clipboard.
2025-06-04T11:22:06.431 | WARN  | main_thread     | Qt              | Retrying to obtain clipboard.
2025-06-04T11:26:12.714 | INFO  | main_thread     | NotationProject::doSave | success save file: "C:/Users/asus/AppData/Local/MuseScore/MuseScore4/new_project.mscz" 
2025-06-04T11:28:23.272 | INFO  | main_thread     | MultiInstancesProvider::onMsg | "RESOURCE_CHANGED" 
2025-06-04T11:28:23.442 | INFO  | main_thread     | MultiInstancesProvider::onMsg | "METHOD_QUITED" 
2025-06-04T11:28:23.625 | INFO  | main_thread     | MultiInstancesProvider::onMsg | "RESOURCE_CHANGED" 
2025-06-04T11:28:26.910 | INFO  | main_thread     | Profiler        | 

Main thread. Top 150 by sum time (total count: 167)
Function                                                    Call time         Call count        Sum time          
PluginsService::init                                        1324.459 ms       1                 1324.459 ms       
PluginsService::readPlugins                                 1316.918 ms       1                 1316.918 ms       
StartupScenario::onStartupPageOpened                        701.385 ms        1                 701.385 ms        
DockWindow::loadPage                                        169.731 ms        2                 339.462 ms        
StartupScenario::run                                        213.948 ms        1                 213.948 ms        
DockWindow::loadPageContent                                 97.422 ms         2                 194.844 ms        
DockWindow::addDock                                         5.526 ms          32                176.831 ms        
SoundFontRepository::loadSoundFonts                         168.741 ms        1                 168.741 ms        
ProjectActionsController::doOpenProject                     134.704 ms        1                 134.704 ms        
DockWindow::loadPanels                                      47.943 ms         2                 95.885 ms         
UiActionsRegister::updateEnabledAll                         3.941 ms          19                74.870 ms         
AbstractMenuModel::setItems                                 2.791 ms          26                72.568 ms         
InstrumentsRepository::load                                 67.467 ms         1                 67.467 ms         
DockWindow::restoreLayout                                   22.316 ms         3                 66.947 ms         
DockWindow::restorePageState                                33.287 ms         2                 66.574 ms         
DockWindow::loadToolBars                                    31.887 ms         2                 63.773 ms         
AbstractNotationPaintView::paint                            5.279 ms          12                63.348 ms         
NotationPainting::doPaint                                   5.284 ms          11                58.125 ms         
Paint::paintScore                                           5.271 ms          11                57.985 ms         
ProjectActionsController::loadProject                       54.893 ms         1                 54.893 ms         
NotationProject::load                                       54.653 ms         1                 54.653 ms         
NotationProject::doImport                                   54.049 ms         1                 54.049 ms         
Paint::paintItems                                           4.531 ms          11                49.844 ms         
Paint::paintItem                                            0.016 ms          3054              48.837 ms         
ProjectAutoSaver::onTrySave                                 46.843 ms         1                 46.843 ms         
NotationProject::save                                       46.687 ms         1                 46.687 ms         
NotationProject::doSave                                     46.656 ms         1                 46.656 ms         
RecentFilesController::prependRecentFile                    33.566 ms         1                 33.566 ms         
NotationProject::writeProject                               32.599 ms         1                 32.599 ms         
EngravingProject::writeMscz                                 27.832 ms         1                 27.832 ms         
MscSaver::writeMscz                                         27.829 ms         1                 27.829 ms         
DockBase::componentComplete                                 0.315 ms          57                17.942 ms         
dock::clearRegistry                                         5.845 ms          3                 17.535 ms         
DockWindow::loadTopLevelToolBars                            8.735 ms          2                 17.470 ms         
AppMenuModel::load                                          15.805 ms         1                 15.805 ms         
Writer::writeScore                                          15.281 ms         1                 15.281 ms         
Writer::write                                               15.196 ms         1                 15.196 ms         
NavigationController::onActiveRequested                     1.083 ms          14                15.160 ms         
EngravingProject::doSetupMasterScore                        14.648 ms         1                 14.648 ms         
Score::update                                               14.484 ms         1                 14.484 ms         
Score::doLayoutRange                                        14.442 ms         1                 14.442 ms         
ScoreLayout::layoutRange                                    14.391 ms         1                 14.391 ms         
ScorePageViewLayout::layoutPageView                         14.383 ms         1                 14.383 ms         
SystemLayout::collectSystem                                 2.711 ms          5                 13.554 ms         
PageLayout::collectPage                                     10.967 ms         1                 10.967 ms         
DockBase::applySizeConstraints                              0.116 ms          91                10.555 ms         
MasterNotation::setMasterScore                              7.472 ms          1                 7.472 ms          
MasterNotation::initAfterSettingScore                       7.449 ms          1                 7.449 ms          
AbstractNotationPaintView::wheelEvent                       0.743 ms          10                7.431 ms          
AbstractNotationPaintView::moveCanvas                       0.738 ms          10                7.378 ms          
PluginsService::registerShortcuts                           7.365 ms          1                 7.365 ms          
NotationActionController::canReceiveAction                  0.002 ms          4368              6.962 ms          
PluginsService::scanFileSystemForPlugins                    6.862 ms          1                 6.862 ms          
PlaybackModel::load                                         6.798 ms          1                 6.798 ms          
PlaybackModel::updateEvents                                 6.650 ms          1                 6.650 ms          
DockWindow::savePageState                                   2.636 ms          2                 5.271 ms          
MeasureLayout::getNextMeasure                               0.184 ms          27                4.971 ms          
AbstractNotationPaintView::onCurrentNotationChanged         1.548 ms          3                 4.643 ms          
AbstractNotationPaintView::paintBackground                  0.383 ms          12                4.595 ms          
LanguagesService::init                                      4.459 ms          1                 4.459 ms          
DockWindow::onQuit                                          4.345 ms          1                 4.345 ms          
NotationSwitchListModel::loadNotations                      1.431 ms          3                 4.294 ms          
DockWindow::windowState                                     1.380 ms          3                 4.140 ms          
NotationPainting::paintPageSheet                            0.351 ms          11                3.863 ms          
NavigationControl::setPanel                                 0.006 ms          598               3.839 ms          
UiContextResolver::currentUiContext                         0.002 ms          2389              3.805 ms          
RecentFilesController::recentFilesList                      0.909 ms          4                 3.636 ms          
LanguagesService::setCurrentLanguage                        3.596 ms          1                 3.596 ms          
UiActionsRegister::updateEnabled                            0.543 ms          6                 3.258 ms          
AbstractNotationPaintView::forceFocusIn                     1.019 ms          3                 3.057 ms          
DockWindow::initDocks                                       1.492 ms          2                 2.984 ms          
ShortcutsRegister::reload                                   2.519 ms          1                 2.519 ms          
RegisterAudioPluginsScenario::registerNewPlugins            2.025 ms          1                 2.025 ms          
VstPluginsScanner::scanPlugins                              2.016 ms          1                 2.016 ms          
ShortcutsRegister::readFromFile                             0.993 ms          2                 1.986 ms          
InstrumentsPanelTreeModel::clear                            0.986 ms          2                 1.972 ms          
DockPageView::init                                          0.875 ms          2                 1.750 ms          
AbstractNotationPaintView::setScaling                       1.512 ms          1                 1.512 ms          
AbstractNotationPaintView::scale                            1.508 ms          1                 1.508 ms          
NavigationController::activeSection                         0.000 ms          3359              1.504 ms          
ChordLayout::layoutChords1                                  0.016 ms          91                1.451 ms          
InstrumentsRepository::loadStringTuningsPresets             1.347 ms          1                 1.347 ms          
UiActionsRegister::updateShortcutsAll                       0.568 ms          2                 1.135 ms          
NavigationController::activePanel                           0.000 ms          2392              1.105 ms          
RecentFilesController::saveRecentFilesList                  1.090 ms          1                 1.090 ms          
AbstractCloudService::init                                  0.462 ms          2                 0.924 ms          
SymNames::loadNameToSymIdHash                               0.872 ms          1                 0.872 ms          
NotationActionController::init                              0.729 ms          1                 0.729 ms          
NavigationController::doDeactivateSection                   0.081 ms          9                 0.727 ms          
UiActionsRegister::updateChecked                            0.080 ms          9                 0.718 ms          
NavigationPanel::addControl                                 0.001 ms          593               0.712 ms          
AbstractCloudService::readTokens                            0.334 ms          2                 0.667 ms          
NavigationController::doDeactivatePanel                     0.034 ms          19                0.653 ms          
DockWindow::restoreGeometry                                 0.626 ms          1                 0.626 ms          
MasterNotation::initExcerptNotations                        0.610 ms          1                 0.610 ms          
MasterNotation::doSetExcerpts                               0.607 ms          1                 0.607 ms          
DockWindow::saveGeometry                                    0.588 ms          1                 0.588 ms          
NotationProject::setupProject                               0.576 ms          1                 0.576 ms          
NotationStatusBarModel::load                                0.278 ms          2                 0.557 ms          
DockWindow::componentComplete                               0.501 ms          1                 0.501 ms          
NavigationController::doDeactivateControl                   0.005 ms          101               0.485 ms          
LanguagesService::loadLanguages                             0.456 ms          1                 0.456 ms          
DockPanelMenuModel::load                                    0.033 ms          14                0.456 ms          
InstrumentsPanelContextMenuModel::loadItems                 0.405 ms          1                 0.405 ms          
ShortcutsRegister::makeUnique                               0.349 ms          1                 0.349 ms          
InstrumentsPanelTreeModel::load                             0.332 ms          1                 0.332 ms          
AbstractNotationPaintView::constraintCanvas                 0.028 ms          11                0.304 ms          
AbstractNotationPaintView::scrollableAreaRect               0.026 ms          11                0.290 ms          
NavigationPanel::setSection_property                        0.002 ms          133               0.270 ms          
AbstractNotationPaintView::notationContentRect              0.002 ms          123               0.225 ms          
DockPageView::doReorderSections                             0.207 ms          1                 0.207 ms          
UiActionsRegister::updateCheckedAll                         0.194 ms          1                 0.194 ms          
NoteInputBarModel::data                                     0.000 ms          395               0.190 ms          
AbstractNotationPaintView::onViewSizeChanged                0.046 ms          3                 0.138 ms          
UiConfiguration::readThemes                                 0.136 ms          1                 0.136 ms          
PluginsConfiguration::readPluginsConfiguration              0.129 ms          1                 0.129 ms          
EngravingProject::checkCorrupted                            0.061 ms          2                 0.123 ms          
PlaybackController::updateMuteStates                        0.024 ms          5                 0.119 ms          
Score::sanityCheckLocal                                     0.056 ms          2                 0.113 ms          
ProjectAutoSaver::update                                    0.035 ms          3                 0.104 ms          
AbstractNotationPaintView::load                             0.103 ms          1                 0.103 ms          
RegisterAudioPluginsScenario::init                          0.100 ms          1                 0.100 ms          
InstrumentsPanelTreeModel::loadMasterPart                   0.098 ms          1                 0.098 ms          
DockWindow::registerDock                                    0.003 ms          34                0.096 ms          
NavigationController::reg                                   0.003 ms          32                0.094 ms          
KnownAudioPluginsRegister::load                             0.091 ms          1                 0.091 ms          
MasterNotation::updatePotentialExcerpts                     0.080 ms          1                 0.080 ms          
NotationPageModel::init                                     0.076 ms          1                 0.076 ms          
NavigationController::activeControl                         0.007 ms          11                0.076 ms          
ShortcutsRegister::expandStandardKeys                       0.032 ms          2                 0.065 ms          
NavigationSection::addPanel                                 0.001 ms          57                0.058 ms          
Score::setUpTempoMap                                        0.027 ms          2                 0.054 ms          
ShortcutsRegister::mergeShortcuts                           0.046 ms          1                 0.046 ms          
AbstractNotationPaintView::startVerticalScrollPosition      0.002 ms          28                0.043 ms          
AbstractNotationPaintView::horizontalScrollbarSize          0.003 ms          14                0.042 ms          
NavigationPanel::removeControl                              0.001 ms          38                0.039 ms          
AbstractNotationPaintView::verticalScrollbarSize            0.002 ms          14                0.030 ms          
DockPageView::deinit                                        0.029 ms          1                 0.029 ms          
NotationSwitchListModel::load                               0.029 ms          1                 0.029 ms          
InspectorListModel::setElementList                          0.006 ms          5                 0.028 ms          
SystemLayout::layout2                                       0.007 ms          4                 0.027 ms          
AbstractNotationPaintView::onNotationSetup                  0.027 ms          1                 0.027 ms          
PageLayout::layoutPage                                      0.024 ms          1                 0.024 ms          
AbstractNotationPaintView::updateLoopMarkers                0.021 ms          1                 0.021 ms          
NotationPageModel::updateDrumsetPanelVisibility             0.021 ms          1                 0.021 ms          
AbstractNotationPaintView::startHorizontalScrollPosition    0.001 ms          28                0.020 ms          
AbstractNotationPaintView::ensureViewportInsideScrollableArea0.018 ms          1                 0.018 ms          
NavigationSection::removePanel                              0.001 ms          13                0.014 ms          
SlurSegment::avoidCollisions                                0.002 ms          7                 0.014 ms          
SystemLayout::minDistance                                   0.002 ms          6                 0.010 ms          


Other threads. Top 150 by sum time (total count: 5)
Function                                                    Call time         Call count        Sum time          
LearnService::th_requestPlaylist                            1456.744 ms       1                 1456.744 ms       
LearnService::th_requestPlaylist                            1441.921 ms       1                 1441.921 ms       
SynthResolver::resolveSynth                                 35.401 ms         4                 141.604 ms        
FxResolver::resolveFxList                                   0.349 ms          3                 1.046 ms          
SynthResolver::resolveAvailableResources                    0.969 ms          1                 0.969 ms          



2025-06-04T11:28:26.911 | INFO  | main_thread     | App::run        | activeThreadCount: 0
2025-06-04T11:28:27.066 | ERROR | main_thread     | <lambda_aab0dc5b97269624451b5287993d6e48>::operator  | Could not load thumbnail for "C:/Users/asus/Documents/GitHub/AI-autosheet/output/Für Elise - Very Easy Piano tutorial - Beginner (1)/Für Elise - Very Easy Piano tutorial - Beginner (1).musicxml" : [21] [21] 
2025-06-04T11:28:27.066 | ERROR | main_thread     | <lambda_aab0dc5b97269624451b5287993d6e48>::operator  | Could not load thumbnail for "C:/Users/asus/Documents/GitHub/AI-autosheet/output/Für Elise - Very Easy Piano tutorial - Beginner (1)/Für Elise - Very Easy Piano tutorial - Beginner (1).mid" : [21] [21] 
2025-06-04T11:28:27.066 | ERROR | main_thread     | <lambda_aab0dc5b97269624451b5287993d6e48>::operator  | Could not load thumbnail for "C:/Users/asus/Documents/GitHub/AI-autosheet/output/Cicak - Cicak Di Dinding Pianika NotAngka/Cicak - Cicak Di Dinding Pianika NotAngka.musicxml" : [21] [21] 
2025-06-04T11:28:27.067 | ERROR | main_thread     | <lambda_aab0dc5b97269624451b5287993d6e48>::operator  | Could not load thumbnail for "C:/Users/asus/Documents/GitHub/AI-autosheet/output/Cicak - Cicak Di Dinding Pianika NotAngka/Cicak - Cicak Di Dinding Pianika NotAngka.mid" : [21] [21] 
2025-06-04T11:28:27.067 | ERROR | main_thread     | WasapiAudioClient::setStateAndNotify | 
2025-06-04T11:28:27.067 | ERROR | 28132           | WasapiAudioClient::setStateAndNotify | 
2025-06-04T11:28:27.072 | WARN  | main_thread     | WinMidiInPort::stop | already stoped
2025-06-04T11:28:27.205 | INFO  | main_thread     | main            | Goodbye!! code: 0
