2025-06-05T14:15:20.278 | INFO  | main_thread     | GlobalModule::onPreInit | log path: C:/Users/asus/AppData/Local/MuseScore/MuseScore4/logs/MuseScore_250605_141520.log
2025-06-05T14:15:20.278 | INFO  | main_thread     | GlobalModule::onPreInit | === Started MuseScore 4.3.1, build number 241490900 ===
2025-06-05T14:15:20.334 | INFO  | main_thread     | LanguagesService::effectiveLanguageCode | System language code: "en-US" 
2025-06-05T14:15:20.346 | WARN  | main_thread     | IpcSocket::connect | failed connect to server
2025-06-05T14:15:20.346 | WARN  | main_thread     | IpcSocket::connect | failed connect to server
2025-06-05T14:15:20.348 | INFO  | main_thread     | IpcSocket::connect | success connected to ipc server
2025-06-05T14:15:20.349 | INFO  | 26564           | <lambda_f5da7718a123e8d2b82e0508660fd079>::operator  | id: "ca7af3915b004365aade58814ea98945" 
2025-06-05T14:15:21.296 | INFO  | main_thread     | DiagnosticsModule::onInit | success start crash handler
2025-06-05T14:15:21.535 | INFO  | main_thread     | WasapiAudioDriver::open | WASAPI: trying to open the audio end-point with the following sample rate - 44100
2025-06-05T14:15:21.535 | INFO  | main_thread     | WasapiAudioDriver::open | WASAPI: trying to open the audio end-point with the following samples per channel number - 1024
2025-06-05T14:15:21.548 | INFO  | 13624           | WasapiAudioClient::configureDeviceInternal | WASAPI: Settings device client properties
2025-06-05T14:15:21.549 | INFO  | 13624           | WasapiAudioClient::configureDeviceInternal | WASAPI: Getting device mix format
2025-06-05T14:15:21.552 | INFO  | 13624           | WasapiAudioClient::configureDeviceInternal | WASAPI: Mix format after getting from audio client:
2025-06-05T14:15:21.552 | INFO  | 13624           | logWAVEFORMATEX | Format tag: 65534
2025-06-05T14:15:21.552 | INFO  | 13624           | logWAVEFORMATEX | Channels: 2
2025-06-05T14:15:21.553 | INFO  | 13624           | logWAVEFORMATEX | Sample rate: 48000
2025-06-05T14:15:21.553 | INFO  | 13624           | logWAVEFORMATEX | Average bytes per second: 384000
2025-06-05T14:15:21.553 | INFO  | 13624           | logWAVEFORMATEX | Block align: 8
2025-06-05T14:15:21.553 | INFO  | 13624           | logWAVEFORMATEX | Bits per sample: 32
2025-06-05T14:15:21.553 | INFO  | 13624           | logWAVEFORMATEX | cbSize: 22
2025-06-05T14:15:21.553 | INFO  | 13624           | WasapiAudioClient::configureDeviceInternal | WASAPI: Modified mix format:
2025-06-05T14:15:21.553 | INFO  | 13624           | logWAVEFORMATEX | Format tag: 3
2025-06-05T14:15:21.553 | INFO  | 13624           | logWAVEFORMATEX | Channels: 2
2025-06-05T14:15:21.553 | INFO  | 13624           | logWAVEFORMATEX | Sample rate: 48000
2025-06-05T14:15:21.553 | INFO  | 13624           | logWAVEFORMATEX | Average bytes per second: 384000
2025-06-05T14:15:21.554 | INFO  | 13624           | logWAVEFORMATEX | Block align: 8
2025-06-05T14:15:21.554 | INFO  | 13624           | logWAVEFORMATEX | Bits per sample: 32
2025-06-05T14:15:21.554 | INFO  | 13624           | logWAVEFORMATEX | cbSize: 0
2025-06-05T14:15:21.554 | INFO  | 13624           | WasapiAudioClient::configureDeviceInternal | WASAPI: Getting shared mode engine period
2025-06-05T14:15:21.586 | INFO  | 13624           | WasapiAudioClient::configureDeviceInternal | WASAPI: Device successfully configured
2025-06-05T14:15:22.267 | INFO  | 13624           | WasapiAudioClient::ActivateCompleted | Initialized WASAPI audio endpoint with: 
2025-06-05T14:15:22.267 | INFO  | 13624           | logWAVEFORMATEX | Format tag: 3
2025-06-05T14:15:22.267 | INFO  | 13624           | logWAVEFORMATEX | Channels: 2
2025-06-05T14:15:22.267 | INFO  | 13624           | logWAVEFORMATEX | Sample rate: 48000
2025-06-05T14:15:22.267 | INFO  | 13624           | logWAVEFORMATEX | Average bytes per second: 384000
2025-06-05T14:15:22.267 | INFO  | 13624           | logWAVEFORMATEX | Block align: 8
2025-06-05T14:15:22.267 | INFO  | 13624           | logWAVEFORMATEX | Bits per sample: 32
2025-06-05T14:15:22.267 | INFO  | 13624           | logWAVEFORMATEX | cbSize: 0
2025-06-05T14:15:22.268 | INFO  | 13624           | WasapiAudioClient::ActivateCompleted | HnsBufferDuration: 232200
2025-06-05T14:15:22.268 | INFO  | 13624           | WasapiAudioClient::ActivateCompleted | Minimal period in frames: 512
2025-06-05T14:15:22.268 | INFO  | 13624           | WasapiAudioClient::ActivateCompleted | Default period in frames: 512
2025-06-05T14:15:22.268 | INFO  | 13624           | WasapiAudioClient::ActivateCompleted | Fundamental period in frames: 512
2025-06-05T14:15:22.268 | INFO  | 13624           | WasapiAudioClient::ActivateCompleted | Max period in frames: 512
2025-06-05T14:15:22.268 | INFO  | 13624           | WasapiAudioClient::ActivateCompleted | Min period in frames: 512
2025-06-05T14:15:22.269 | ERROR | 13624           | WasapiAudioClient::setStateAndNotify | 
2025-06-05T14:15:22.277 | ERROR | 13624           | WasapiAudioClient::setStateAndNotify | 
2025-06-05T14:15:22.281 | ERROR | 14880           | WasapiAudioClient::setStateAndNotify | 
2025-06-05T14:15:22.284 | ERROR | main_thread     | MuseSamplerLibHandler::MuseSamplerLibHandler | Unable to open MuseSampler library, path: C:/Users/asus/AppData/Local\MuseSampler\lib\MuseSamplerCoreLib.dll
2025-06-05T14:15:22.284 | ERROR | main_thread     | MuseSamplerResolver::doInit | Incompatible MuseSampler library; ignoring
2025-06-05T14:15:22.287 | ERROR | main_thread     | MuseSamplerLibHandler::MuseSamplerLibHandler | Unable to open MuseSampler library, path: MuseSamplerCoreLib.dll
2025-06-05T14:15:22.287 | ERROR | main_thread     | MuseSamplerResolver::doInit | Incompatible MuseSampler library; ignoring
2025-06-05T14:15:22.294 | WARN  | main_thread     | Qt              | QIODevice::read (QFile, "C:\Users\asus\AppData\Local\MuseScore\MuseScore4\shortcuts.xml"): device not open
2025-06-05T14:15:22.296 | WARN  | main_thread     | Qt              | QIODevice::read (QFile, "C:\Users\asus\AppData\Local\MuseScore\MuseScore4\midi_mappings.xml"): device not open
2025-06-05T14:15:22.342 | WARN  | main_thread     | AbstractCloudService::readTokens | Could not find the tokens file: C:/Users/asus/AppData/Local/MuseScore/MuseScore4/musescorecom_cred.dat
2025-06-05T14:15:22.343 | WARN  | main_thread     | AbstractCloudService::readTokens | Could not find the tokens file: C:/Users/asus/AppData/Local/MuseScore/MuseScore4/audiocom_cred.dat
2025-06-05T14:15:22.942 | ERROR | main_thread     | PluginsConfiguration::updatePluginsConfiguration | [401] The file does not exist
2025-06-05T14:15:24.859 | ERROR | main_thread     | InteractiveProvider::topWindow | stack is empty
2025-06-05T14:15:25.207 | WARN  | main_thread     | Qt              | void __cdecl Layouting::ItemBoxContainer::setSize_recursive(class QSize,enum Layouting::ChildrenResizeStrategy) New size doesn't respect size constraints ; new= QSize(0, -32) ; min= QSize(0, 0) Layouting::ItemBoxContainer(0x11ae8210)
2025-06-05T14:15:25.207 | WARN  | main_thread     | Qt              | void __cdecl Layouting::ItemBoxContainer::setSize_recursive(class QSize,enum Layouting::ChildrenResizeStrategy) New size doesn't respect size constraints ; new= QSize(0, -32) ; min= QSize(0, 0) Layouting::ItemBoxContainer(0x11ae8210)
2025-06-05T14:15:25.214 | WARN  | main_thread     | Qt              | void __cdecl Layouting::ItemBoxContainer::setSize_recursive(class QSize,enum Layouting::ChildrenResizeStrategy) New size doesn't respect size constraints ; new= QSize(1150, -32) ; min= QSize(0, 0) Layouting::ItemBoxContainer(0x11ae8210)
2025-06-05T14:15:25.228 | ERROR | main_thread     | <lambda_50de235aca691b1a6fc9211a568e635a>::operator  | error: qrc:/qml/MuseScore/UiComponents/FlatButton.qml:179:5: QML Loader: Binding loop detected for property "itemImplicitWidth"

2025-06-05T14:15:25.228 | WARN  | main_thread     | Qt              | qrc:/qml/MuseScore/UiComponents/FlatButton.qml:179:5: QML Loader: Binding loop detected for property "itemImplicitWidth"
2025-06-05T14:15:25.230 | ERROR | main_thread     | <lambda_50de235aca691b1a6fc9211a568e635a>::operator  | error: qrc:/qml/MuseScore/UiComponents/FlatButton.qml:179:5: QML Loader: Binding loop detected for property "itemImplicitWidth"

2025-06-05T14:15:25.230 | WARN  | main_thread     | Qt              | qrc:/qml/MuseScore/UiComponents/FlatButton.qml:179:5: QML Loader: Binding loop detected for property "itemImplicitWidth"
2025-06-05T14:15:25.231 | ERROR | main_thread     | <lambda_50de235aca691b1a6fc9211a568e635a>::operator  | error: qrc:/qml/MuseScore/UiComponents/FlatButton.qml:179:5: QML Loader: Binding loop detected for property "itemImplicitWidth"

2025-06-05T14:15:25.231 | WARN  | main_thread     | Qt              | qrc:/qml/MuseScore/UiComponents/FlatButton.qml:179:5: QML Loader: Binding loop detected for property "itemImplicitWidth"
2025-06-05T14:15:25.233 | ERROR | main_thread     | <lambda_50de235aca691b1a6fc9211a568e635a>::operator  | error: qrc:/qml/MuseScore/UiComponents/FlatButton.qml:179:5: QML Loader: Binding loop detected for property "itemImplicitWidth"

2025-06-05T14:15:25.233 | WARN  | main_thread     | Qt              | qrc:/qml/MuseScore/UiComponents/FlatButton.qml:179:5: QML Loader: Binding loop detected for property "itemImplicitWidth"
2025-06-05T14:15:25.234 | ERROR | main_thread     | <lambda_50de235aca691b1a6fc9211a568e635a>::operator  | error: qrc:/qml/MuseScore/UiComponents/FlatButton.qml:179:5: QML Loader: Binding loop detected for property "itemImplicitWidth"

2025-06-05T14:15:25.234 | WARN  | main_thread     | Qt              | qrc:/qml/MuseScore/UiComponents/FlatButton.qml:179:5: QML Loader: Binding loop detected for property "itemImplicitWidth"
2025-06-05T14:15:25.236 | ERROR | main_thread     | <lambda_50de235aca691b1a6fc9211a568e635a>::operator  | error: qrc:/qml/MuseScore/UiComponents/FlatButton.qml:179:5: QML Loader: Binding loop detected for property "itemImplicitWidth"

2025-06-05T14:15:25.236 | WARN  | main_thread     | Qt              | qrc:/qml/MuseScore/UiComponents/FlatButton.qml:179:5: QML Loader: Binding loop detected for property "itemImplicitWidth"
2025-06-05T14:15:25.237 | ERROR | main_thread     | <lambda_50de235aca691b1a6fc9211a568e635a>::operator  | error: qrc:/qml/MuseScore/UiComponents/FlatButton.qml:179:5: QML Loader: Binding loop detected for property "itemImplicitWidth"

2025-06-05T14:15:25.237 | WARN  | main_thread     | Qt              | qrc:/qml/MuseScore/UiComponents/FlatButton.qml:179:5: QML Loader: Binding loop detected for property "itemImplicitWidth"
2025-06-05T14:15:25.238 | ERROR | main_thread     | <lambda_50de235aca691b1a6fc9211a568e635a>::operator  | error: qrc:/qml/MuseScore/UiComponents/FlatButton.qml:179:5: QML Loader: Binding loop detected for property "itemImplicitWidth"

2025-06-05T14:15:25.238 | WARN  | main_thread     | Qt              | qrc:/qml/MuseScore/UiComponents/FlatButton.qml:179:5: QML Loader: Binding loop detected for property "itemImplicitWidth"
2025-06-05T14:15:25.240 | ERROR | main_thread     | <lambda_50de235aca691b1a6fc9211a568e635a>::operator  | error: qrc:/qml/MuseScore/UiComponents/FlatButton.qml:179:5: QML Loader: Binding loop detected for property "itemImplicitWidth"

2025-06-05T14:15:25.240 | WARN  | main_thread     | Qt              | qrc:/qml/MuseScore/UiComponents/FlatButton.qml:179:5: QML Loader: Binding loop detected for property "itemImplicitWidth"
2025-06-05T14:15:27.109 | ERROR | main_thread     | <lambda_aab0dc5b97269624451b5287993d6e48>::operator  | Could not load thumbnail for "C:/Users/asus/Documents/GitHub/AI-autosheet/output/Cicak - Cicak Di Dinding Pianika NotAngka/Cicak - Cicak Di Dinding Pianika NotAngka.musicxml" : [21] [21] 
2025-06-05T14:15:27.110 | ERROR | main_thread     | <lambda_aab0dc5b97269624451b5287993d6e48>::operator  | Could not load thumbnail for "C:/Users/asus/Documents/GitHub/AI-autosheet/output/Cicak - Cicak Di Dinding Pianika NotAngka/Cicak - Cicak Di Dinding Pianika NotAngka.mid" : [21] [21] 
2025-06-05T14:15:33.198 | WARN  | main_thread     | Qt              | QQmlComponent: Created graphical object was not placed in the graphics scene.
2025-06-05T14:15:34.475 | INFO  | main_thread     | ActionsDispatcher::dispatch | try call action: file-open
2025-06-05T14:15:34.475 | INFO  | main_thread     | ProjectActionsController::openProject | Try open project: url = "" , displayNameOverride = "" 
2025-06-05T14:17:01.796 | WARN  | main_thread     | Qt              | QQmlComponent: Created graphical object was not placed in the graphics scene.
2025-06-05T14:17:03.978 | INFO  | main_thread     | ActionsDispatcher::dispatch | try call action: file-open
2025-06-05T14:17:03.978 | INFO  | main_thread     | ProjectActionsController::openProject | Try open project: url = "" , displayNameOverride = "" 
2025-06-05T14:17:09.853 | ERROR | 27228           | SynthResolver::resolveSynth | invalid audio source params for trackId: 0
2025-06-05T14:17:09.866 | ERROR | 27228           | <lambda_9ea47483211dd59abf6c2f56713e949f>::operator  | INFO chunk size mismatch
2025-06-05T14:17:09.937 | INFO  | 27228           | FluidSynth::addSoundFonts | success load soundfont: C:/Users/asus/Documents/GitHub/AI-autosheet/MuseScorePortable/App/MuseScore/sound/MS Basic.sf3
2025-06-05T14:17:10.022 | INFO  | 27228           | FluidSynth::addSoundFonts | success load soundfont: C:/Users/asus/Documents/GitHub/AI-autosheet/MuseScorePortable/App/MuseScore/sound/MS Basic.sf3
2025-06-05T14:17:15.642 | ERROR | 27228           | SynthResolver::resolveSynth | invalid audio source params for trackId: 1
2025-06-05T14:17:15.714 | INFO  | 27228           | FluidSynth::addSoundFonts | success load soundfont: C:/Users/asus/Documents/GitHub/AI-autosheet/MuseScorePortable/App/MuseScore/sound/MS Basic.sf3
2025-06-05T14:17:15.791 | INFO  | 27228           | FluidSynth::addSoundFonts | success load soundfont: C:/Users/asus/Documents/GitHub/AI-autosheet/MuseScorePortable/App/MuseScore/sound/MS Basic.sf3
2025-06-05T14:20:08.860 | WARN  | main_thread     | Qt              | QQmlComponent: Created graphical object was not placed in the graphics scene.
2025-06-05T14:20:10.893 | INFO  | main_thread     | ActionsDispatcher::dispatch | try call action: file-open
2025-06-05T14:20:10.893 | INFO  | main_thread     | ProjectActionsController::openProject | Try open project: url = "" , displayNameOverride = "" 
2025-06-05T14:20:16.783 | INFO  | main_thread     | MultiInstancesProvider::openNewAppInstance | success start: "C:/Users/asus/Documents/GitHub/AI-autosheet/MuseScorePortable/App/MuseScore/bin/MuseScore4.exe" , args: QVariant(QStringList, ("C:/Users/asus/Documents/GitHub/AI-autosheet/output/F端r Elise - Very Easy Piano tutorial - Beginner (1)/F端r Elise - Very Easy Piano tutorial - Beginner (1).musicxml")) 
2025-06-05T14:20:16.935 | INFO  | 26564           | <lambda_f5da7718a123e8d2b82e0508660fd079>::operator  | id: "0e64562b8520483c84ba0b0123685300" 
2025-06-05T14:20:16.996 | INFO  | main_thread     | <lambda_808a34d9e2e8f727fa45730425265466>::operator  | created new instance with ID: "0e64562b8520483c84ba0b0123685300" 
2025-06-05T14:20:21.721 | INFO  | main_thread     | MultiInstancesProvider::onMsg | "PROJECT_IS_OPENED" 
2025-06-05T14:20:22.501 | INFO  | main_thread     | MultiInstancesProvider::onMsg | "RESOURCE_CHANGED" 
2025-06-05T14:20:22.532 | INFO  | main_thread     | MultiInstancesProvider::onMsg | "RESOURCE_CHANGED" 
2025-06-05T14:20:23.001 | INFO  | main_thread     | NotationProject::doSave | success save file: "C:/Users/asus/AppData/Local/MuseScore/MuseScore4/new_project.mscz" 
2025-06-05T14:33:16.716 | INFO  | main_thread     | MultiInstancesProvider::onMsg | "RESOURCE_CHANGED" 
2025-06-05T14:33:16.878 | INFO  | main_thread     | MultiInstancesProvider::onMsg | "METHOD_QUITED" 
2025-06-05T14:33:17.056 | INFO  | main_thread     | MultiInstancesProvider::onMsg | "RESOURCE_CHANGED" 
2025-06-05T14:33:19.649 | INFO  | main_thread     | Profiler        | 

Main thread. Top 150 by sum time (total count: 167)
Function                                                    Call time         Call count        Sum time          
PluginsService::init                                        1648.156 ms       1                 1648.156 ms       
PluginsService::readPlugins                                 1639.775 ms       1                 1639.775 ms       
DockWindow::loadPage                                        208.397 ms        3                 625.191 ms        
ProjectActionsController::doOpenProject                     547.168 ms        1                 547.168 ms        
DockWindow::loadPageContent                                 105.930 ms        3                 317.790 ms        
DockWindow::addDock                                         6.310 ms          43                271.348 ms        
SoundFontRepository::loadSoundFonts                         200.731 ms        1                 200.731 ms        
DockWindow::loadPanels                                      56.775 ms         3                 170.326 ms        
ProjectActionsController::loadProject                       148.869 ms        1                 148.869 ms        
NotationProject::load                                       148.575 ms        1                 148.575 ms        
StartupScenario::run                                        148.215 ms        1                 148.215 ms        
NotationProject::doImport                                   147.938 ms        1                 147.938 ms        
DockWindow::restoreLayout                                   31.804 ms         4                 127.218 ms        
DockWindow::restorePageState                                41.979 ms         3                 125.937 ms        
DockWindow::loadToolBars                                    28.152 ms         3                 84.456 ms         
AbstractMenuModel::setItems                                 3.157 ms          26                82.075 ms         
UiActionsRegister::updateEnabledAll                         3.024 ms          27                81.641 ms         
InstrumentsRepository::load                                 79.228 ms         1                 79.228 ms         
ProjectAutoSaver::onTrySave                                 14.200 ms         3                 42.600 ms         
NotationProject::save                                       41.867 ms         1                 41.867 ms         
NotationProject::doSave                                     41.629 ms         1                 41.629 ms         
InspectorListModel::setElementList                          6.744 ms          5                 33.718 ms         
dock::clearRegistry                                         7.877 ms          4                 31.507 ms         
DockWindow::loadTopLevelToolBars                            10.291 ms         3                 30.873 ms         
NotationProject::writeProject                               27.844 ms         1                 27.844 ms         
AppMenuModel::load                                          24.683 ms         1                 24.683 ms         
DockBase::componentComplete                                 0.429 ms          57                24.440 ms         
EngravingProject::writeMscz                                 22.936 ms         1                 22.936 ms         
MscSaver::writeMscz                                         22.534 ms         1                 22.534 ms         
NavigationController::onActiveRequested                     0.905 ms          22                19.919 ms         
PluginsService::scanFileSystemForPlugins                    14.055 ms         1                 14.055 ms         
LanguagesService::init                                      12.961 ms         1                 12.961 ms         
UiActionsRegister::updateEnabled                            2.045 ms          6                 12.268 ms         
RecentFilesController::prependRecentFile                    9.587 ms          1                 9.587 ms          
LanguagesService::setCurrentLanguage                        9.504 ms          1                 9.504 ms          
AbstractNotationPaintView::paint                            8.720 ms          1                 8.720 ms          
NotationPainting::doPaint                                   8.379 ms          1                 8.379 ms          
PluginsService::registerShortcuts                           8.197 ms          1                 8.197 ms          
RegisterAudioPluginsScenario::registerNewPlugins            8.113 ms          1                 8.113 ms          
ShortcutsRegister::reload                                   7.994 ms          1                 7.994 ms          
Paint::paintScore                                           7.895 ms          1                 7.895 ms          
RecentFilesController::recentFilesList                      1.554 ms          5                 7.768 ms          
VstPluginsScanner::scanPlugins                              7.686 ms          1                 7.686 ms          
DockWindow::savePageState                                   2.435 ms          3                 7.306 ms          
NavigationControl::setPanel                                 0.009 ms          729               6.794 ms          
Writer::writeScore                                          6.738 ms          1                 6.738 ms          
Writer::write                                               6.618 ms          1                 6.618 ms          
Paint::paintItems                                           6.467 ms          1                 6.467 ms          
Paint::paintItem                                            0.074 ms          87                6.423 ms          
AbstractNotationPaintView::load                             6.400 ms          1                 6.400 ms          
NotationSwitchListModel::loadNotations                      3.194 ms          2                 6.388 ms          
DockBase::applySizeConstraints                              0.078 ms          80                6.201 ms          
NotationSwitchListModel::load                               6.040 ms          1                 6.040 ms          
ShortcutsRegister::readFromFile                             2.815 ms          2                 5.630 ms          
DockWindow::windowState                                     1.403 ms          4                 5.612 ms          
AbstractNotationPaintView::onNotationSetup                  5.328 ms          1                 5.328 ms          
AbstractNotationPaintView::onCurrentNotationChanged         2.652 ms          2                 5.304 ms          
MasterNotation::setMasterScore                              5.121 ms          1                 5.121 ms          
MasterNotation::initAfterSettingScore                       5.096 ms          1                 5.096 ms          
PlaybackModel::load                                         4.945 ms          1                 4.945 ms          
PlaybackModel::updateEvents                                 4.679 ms          1                 4.679 ms          
AbstractNotationPaintView::forceFocusIn                     1.141 ms          4                 4.565 ms          
EngravingProject::doSetupMasterScore                        4.249 ms          1                 4.249 ms          
DockWindow::onQuit                                          4.173 ms          1                 4.173 ms          
Score::update                                               4.099 ms          1                 4.099 ms          
Score::doLayoutRange                                        4.048 ms          1                 4.048 ms          
ScoreLayout::layoutRange                                    3.983 ms          1                 3.983 ms          
ScorePageViewLayout::layoutPageView                         3.966 ms          1                 3.966 ms          
NotationActionController::canReceiveAction                  0.002 ms          2573              3.907 ms          
SystemLayout::collectSystem                                 0.918 ms          4                 3.670 ms          
PageLayout::collectPage                                     3.292 ms          1                 3.292 ms          
DockWindow::initDocks                                       1.079 ms          3                 3.236 ms          
DockWindow::componentComplete                               2.828 ms          1                 2.828 ms          
AbstractCloudService::init                                  1.341 ms          2                 2.682 ms          
UiContextResolver::currentUiContext                         0.002 ms          1417              2.359 ms          
InstrumentsPanelTreeModel::clear                            1.142 ms          2                 2.284 ms          
NavigationController::activeSection                         0.001 ms          2848              2.266 ms          
DockPageView::init                                          0.710 ms          3                 2.131 ms          
DockWindow::restoreGeometry                                 2.089 ms          1                 2.089 ms          
AbstractNotationPaintView::onViewSizeChanged                0.910 ms          2                 1.820 ms          
LanguagesService::loadLanguages                             1.759 ms          1                 1.759 ms          
InstrumentsPanelTreeModel::load                             1.667 ms          1                 1.667 ms          
InstrumentsRepository::loadStringTuningsPresets             1.388 ms          1                 1.388 ms          
MeasureLayout::getNextMeasure                               0.120 ms          11                1.318 ms          
NavigationController::doDeactivateSection                   0.118 ms          11                1.299 ms          
DockPanelMenuModel::load                                    0.090 ms          14                1.264 ms          
AbstractNotationPaintView::setScaling                       1.240 ms          1                 1.240 ms          
AbstractNotationPaintView::scale                            1.236 ms          1                 1.236 ms          
NavigationController::doDeactivatePanel                     0.029 ms          39                1.132 ms          
RecentFilesController::saveRecentFilesList                  1.096 ms          1                 1.096 ms          
UiActionsRegister::updateShortcutsAll                       0.544 ms          2                 1.087 ms          
UiActionsRegister::updateChecked                            0.120 ms          9                 1.082 ms          
NavigationPanel::addControl                                 0.001 ms          724               1.039 ms          
InstrumentsPanelContextMenuModel::loadItems                 0.989 ms          1                 0.989 ms          
NotationStatusBarModel::load                                0.481 ms          2                 0.963 ms          
SymNames::loadNameToSymIdHash                               0.946 ms          1                 0.946 ms          
InstrumentsPanelTreeModel::loadMasterPart                   0.928 ms          1                 0.928 ms          
RecentFilesController::init                                 0.802 ms          1                 0.802 ms          
NotationActionController::init                              0.758 ms          1                 0.758 ms          
AbstractCloudService::readTokens                            0.365 ms          2                 0.730 ms          
NavigationController::doDeactivateControl                   0.004 ms          159               0.707 ms          
AbstractNotationPaintView::verticalScrollbarSize            0.138 ms          5                 0.692 ms          
NavigationController::activePanel                           0.000 ms          1425              0.663 ms          
ShortcutsRegister::makeUnique                               0.592 ms          1                 0.592 ms          
NotationProject::setupProject                               0.559 ms          1                 0.559 ms          
DockPageView::doReorderSections                             0.278 ms          2                 0.556 ms          
DockWindow::saveGeometry                                    0.520 ms          1                 0.520 ms          
AbstractNotationPaintView::onNoteInputStateChanged          0.492 ms          1                 0.492 ms          
NotationPainting::paintPageSheet                            0.424 ms          1                 0.424 ms          
NavigationPanel::setSection_property                        0.002 ms          164               0.407 ms          
ChordLayout::layoutChords1                                  0.012 ms          29                0.360 ms          
InspectorListModel::notifyModelsAboutNotationChanged        0.168 ms          2                 0.337 ms          
AbstractNotationPaintView::paintBackground                  0.282 ms          1                 0.282 ms          
PluginsConfiguration::readPluginsConfiguration              0.215 ms          1                 0.215 ms          
NavigationController::activeControl                         0.007 ms          29                0.198 ms          
UiActionsRegister::updateCheckedAll                         0.190 ms          1                 0.190 ms          
NavigationPanel::removeControl                              0.002 ms          108               0.184 ms          
NoteInputBarModel::data                                     0.000 ms          395               0.180 ms          
PlaybackController::updateMuteStates                        0.035 ms          5                 0.173 ms          
RegisterAudioPluginsScenario::init                          0.156 ms          1                 0.156 ms          
UiConfiguration::readThemes                                 0.154 ms          1                 0.154 ms          
AbstractNotationPaintView::mousePressEvent                  0.152 ms          1                 0.152 ms          
DockWindow::registerDock                                    0.003 ms          45                0.146 ms          
NavigationController::reg                                   0.004 ms          35                0.144 ms          
KnownAudioPluginsRegister::load                             0.140 ms          1                 0.140 ms          
ProjectAutoSaver::update                                    0.043 ms          3                 0.128 ms          
ShortcutsRegister::expandStandardKeys                       0.060 ms          2                 0.119 ms          
NotationPageModel::init                                     0.111 ms          1                 0.111 ms          
MasterNotation::initExcerptNotations                        0.107 ms          1                 0.107 ms          
NavigationSection::addPanel                                 0.001 ms          66                0.095 ms          
SystemLayout::layout2                                       0.031 ms          3                 0.094 ms          
MasterNotation::doSetExcerpts                               0.093 ms          1                 0.093 ms          
MasterNotation::updatePotentialExcerpts                     0.075 ms          1                 0.075 ms          
EngravingProject::checkCorrupted                            0.029 ms          2                 0.059 ms          
AbstractNotationPaintView::updateLoopMarkers                0.053 ms          1                 0.053 ms          
AbstractNotationPaintView::notationContentRect              0.001 ms          42                0.049 ms          
Score::sanityCheckLocal                                     0.023 ms          2                 0.046 ms          
ShortcutsRegister::mergeShortcuts                           0.045 ms          1                 0.045 ms          
DockPageView::deinit                                        0.020 ms          2                 0.041 ms          
RepeatList::unwind                                          0.036 ms          1                 0.036 ms          
AbstractNotationPaintView::horizontalScrollbarSize          0.006 ms          5                 0.032 ms          
Score::setUpTempoMap                                        0.027 ms          1                 0.027 ms          
AbstractNotationPaintView::ensureViewportInsideScrollableArea0.013 ms          2                 0.025 ms          
PageLayout::layoutPage                                      0.024 ms          1                 0.024 ms          
AbstractNotationPaintView::constraintCanvas                 0.012 ms          2                 0.023 ms          
NotationPageModel::updateDrumsetPanelVisibility             0.023 ms          1                 0.023 ms          
NavigationSection::removePanel                              0.001 ms          17                0.022 ms          
SlurSegment::avoidCollisions                                0.003 ms          7                 0.022 ms          
AbstractNotationPaintView::scrollableAreaRect               0.011 ms          2                 0.021 ms          
Workspace::rawData                                          0.005 ms          4                 0.020 ms          


Other threads. Top 150 by sum time (total count: 5)
Function                                                    Call time         Call count        Sum time          
LearnService::th_requestPlaylist                            1594.572 ms       1                 1594.572 ms       
LearnService::th_requestPlaylist                            1594.071 ms       1                 1594.071 ms       
SynthResolver::resolveSynth                                 39.257 ms         4                 157.030 ms        
FxResolver::resolveFxList                                   0.564 ms          3                 1.692 ms          
SynthResolver::resolveAvailableResources                    1.211 ms          1                 1.211 ms          



2025-06-05T14:33:19.650 | INFO  | main_thread     | App::run        | activeThreadCount: 0
2025-06-05T14:33:19.819 | ERROR | main_thread     | <lambda_aab0dc5b97269624451b5287993d6e48>::operator  | Could not load thumbnail for "C:/Users/asus/Documents/GitHub/AI-autosheet/output/F端r Elise - Very Easy Piano tutorial - Beginner (1)/F端r Elise - Very Easy Piano tutorial - Beginner (1).musicxml" : [21] [21] 
2025-06-05T14:33:19.819 | ERROR | main_thread     | <lambda_aab0dc5b97269624451b5287993d6e48>::operator  | Could not load thumbnail for "C:/Users/asus/Documents/GitHub/AI-autosheet/output/Cicak - Cicak Di Dinding Pianika NotAngka/Cicak - Cicak Di Dinding Pianika NotAngka.musicxml" : [21] [21] 
2025-06-05T14:33:19.819 | ERROR | main_thread     | <lambda_aab0dc5b97269624451b5287993d6e48>::operator  | Could not load thumbnail for "C:/Users/asus/Documents/GitHub/AI-autosheet/output/Cicak - Cicak Di Dinding Pianika NotAngka/Cicak - Cicak Di Dinding Pianika NotAngka.mid" : [21] [21] 
2025-06-05T14:33:19.820 | ERROR | main_thread     | WasapiAudioClient::setStateAndNotify | 
2025-06-05T14:33:19.820 | ERROR | 14880           | WasapiAudioClient::setStateAndNotify | 
2025-06-05T14:33:19.825 | WARN  | main_thread     | WinMidiInPort::stop | already stoped
2025-06-05T14:33:20.044 | INFO  | main_thread     | main            | Goodbye!! code: 0
